  callbacks.cpp
  main.cpp
  RenderUtils.cpp
  Camera.cpp
C:\Users\casa\Desktop\UNIVERSIDAD\TERCERO\SIM_FIS\SimulacionFisicaVideojuegos\skeleton\Render\Camera.cpp(88,19): warning C5219: conversión implícita de "int" a "float"; posible pérdida de datos
C:\Users\casa\Desktop\UNIVERSIDAD\TERCERO\SIM_FIS\SimulacionFisicaVideojuegos\skeleton\Render\Camera.cpp(90,19): warning C5219: conversión implícita de "int" a "float"; posible pérdida de datos
C:\Users\casa\Desktop\UNIVERSIDAD\TERCERO\SIM_FIS\SimulacionFisicaVideojuegos\common\PhysX-3.4\PxShared\include\task\PxTask.h(326,19): warning C5220: "physx::PxLightCpuTask::mRefCount": un miembro de datos no estático con un tipo calificado volátil ya no implica
C:\Users\casa\Desktop\UNIVERSIDAD\TERCERO\SIM_FIS\SimulacionFisicaVideojuegos\common\PhysX-3.4\PxShared\include\task\PxTask.h(326,19): warning C5220:          que los constructores de copia/movimiento generados por el compilador y los operadores de asignación de copia o movimiento no sean triviales
  (compilando archivo de origen "callbacks.cpp")
      C:\Users\casa\Desktop\UNIVERSIDAD\TERCERO\SIM_FIS\SimulacionFisicaVideojuegos\common\PhysX-3.4\PxShared\include\task\PxTask.h(326,19):
      vea la declaración de 'physx::PxLightCpuTask::mRefCount'
  
C:\Users\casa\Desktop\UNIVERSIDAD\TERCERO\SIM_FIS\SimulacionFisicaVideojuegos\common\PhysX-3.4\PxShared\include\task\PxTask.h(326,19): warning C5220: "physx::PxLightCpuTask::mRefCount": un miembro de datos no estático con un tipo calificado volátil ya no implica
C:\Users\casa\Desktop\UNIVERSIDAD\TERCERO\SIM_FIS\SimulacionFisicaVideojuegos\common\PhysX-3.4\PxShared\include\task\PxTask.h(326,19): warning C5220:          que los constructores de copia/movimiento generados por el compilador y los operadores de asignación de copia o movimiento no sean triviales
  (compilando archivo de origen "main.cpp")
      C:\Users\casa\Desktop\UNIVERSIDAD\TERCERO\SIM_FIS\SimulacionFisicaVideojuegos\common\PhysX-3.4\PxShared\include\task\PxTask.h(326,19):
      vea la declaración de 'physx::PxLightCpuTask::mRefCount'
  
  Render.cpp
C:\Users\casa\Desktop\UNIVERSIDAD\TERCERO\SIM_FIS\SimulacionFisicaVideojuegos\common\PhysX-3.4\PxShared\include\task\PxTask.h(326,19): warning C5220: "physx::PxLightCpuTask::mRefCount": un miembro de datos no estático con un tipo calificado volátil ya no implica
C:\Users\casa\Desktop\UNIVERSIDAD\TERCERO\SIM_FIS\SimulacionFisicaVideojuegos\common\PhysX-3.4\PxShared\include\task\PxTask.h(326,19): warning C5220:          que los constructores de copia/movimiento generados por el compilador y los operadores de asignación de copia o movimiento no sean triviales
  (compilando archivo de origen "Render/Render.cpp")
      C:\Users\casa\Desktop\UNIVERSIDAD\TERCERO\SIM_FIS\SimulacionFisicaVideojuegos\common\PhysX-3.4\PxShared\include\task\PxTask.h(326,19):
      vea la declaración de 'physx::PxLightCpuTask::mRefCount'
  
C:\Users\casa\Desktop\UNIVERSIDAD\TERCERO\SIM_FIS\SimulacionFisicaVideojuegos\common\PhysX-3.4\PxShared\include\task\PxTask.h(326,19): warning C5220: "physx::PxLightCpuTask::mRefCount": un miembro de datos no estático con un tipo calificado volátil ya no implica
C:\Users\casa\Desktop\UNIVERSIDAD\TERCERO\SIM_FIS\SimulacionFisicaVideojuegos\common\PhysX-3.4\PxShared\include\task\PxTask.h(326,19): warning C5220:          que los constructores de copia/movimiento generados por el compilador y los operadores de asignación de copia o movimiento no sean triviales
  (compilando archivo de origen "RenderUtils.cpp")
      C:\Users\casa\Desktop\UNIVERSIDAD\TERCERO\SIM_FIS\SimulacionFisicaVideojuegos\common\PhysX-3.4\PxShared\include\task\PxTask.h(326,19):
      vea la declaración de 'physx::PxLightCpuTask::mRefCount'
  
C:\Users\casa\Desktop\UNIVERSIDAD\TERCERO\SIM_FIS\SimulacionFisicaVideojuegos\skeleton\Render\Render.cpp(398,13): warning C4267: 'inicializando': conversión de 'size_t' a 'int'; posible pérdida de datos
C:\Users\casa\Desktop\UNIVERSIDAD\TERCERO\SIM_FIS\SimulacionFisicaVideojuegos\skeleton\Render\Render.cpp(136,1): warning C5045: El compilador insertará la mitigación de Spectre para la carga de memoria si se especificó el modificador /Qspectre
C:\Users\casa\Desktop\UNIVERSIDAD\TERCERO\SIM_FIS\SimulacionFisicaVideojuegos\skeleton\Render\Render.cpp(136,1): warning C5045: C:\Users\casa\Desktop\UNIVERSIDAD\TERCERO\SIM_FIS\SimulacionFisicaVideojuegos\skeleton\Render\Render.cpp(121) : nota: el intervalo "nbPolys" del índice se comprobó por comparación en esta línea
C:\Users\casa\Desktop\UNIVERSIDAD\TERCERO\SIM_FIS\SimulacionFisicaVideojuegos\skeleton\Render\Render.cpp(136,1): warning C5045: C:\Users\casa\Desktop\UNIVERSIDAD\TERCERO\SIM_FIS\SimulacionFisicaVideojuegos\common\PhysX-3.4\PxShared\include\foundation\PxVec3.h(105) : nota: suministra la carga de memoria en esta línea
  game.vcxproj -> C:\Users\casa\Desktop\UNIVERSIDAD\TERCERO\SIM_FIS\SimulacionFisicaVideojuegos\bin\game.exe
